Enter the input set {number, radix, operand size}:
{-6, 10, 4}
                       	Value             	Maximum           	Minimum           
Binary(abs)            	0b0110            	0b1111            	0b0000            	
Octal(abs)             	06                	017               	0                 
Decimal(abs)           	6                 	15                	0                 
Hexadecimal(abs)       	0x6               	0xf               	0                 
Signed One's Complement	0b1001            	0b0111            	0b1000            	
Signed Two's Complement	0b1010            	0b0111            	0b1001            	
Sign-Magnitude         	0b1110            	0b0111            	0b1111            	
--------------END-OF-PROGRAM---------------
Enter the input set {number, radix, operand size}:
{-6, 9, 4}
Error: Invalid radix
--------------END-OF-PROGRAM---------------
Enter the input set {number, radix, operand size}:
{-6, 10, 5}
Error: Invalid operand size
--------------END-OF-PROGRAM---------------
Enter the input set {number, radix, operand size}:
{-9, 10, 4}
                       	Value             	Maximum           	Minimum           
Binary(abs)            	0b1001            	0b1111            	0b0000            	
Octal(abs)             	011               	017               	0                 
Decimal(abs)           	9                 	15                	0                 
Hexadecimal(abs)       	0x9               	0xf               	0                 
Signed One's Complement	Error                  	0b0111            	0b1000            	
Signed Two's Complement	Error                  	0b0111            	0b1001            	
Sign-Magnitude         	Error                  	0b0111            	0b1111            	
--------------END-OF-PROGRAM---------------
Enter the input set {number, radix, operand size}:
{237, 10, 8}
                       	Value             	Maximum           	Minimum           
Binary(abs)            	0b11101101        	0b11111111        	0b00000000        	
Octal(abs)             	0355              	0377              	0                 
Decimal(abs)           	237               	255               	0                 
Hexadecimal(abs)       	0xed              	0xff              	0                 
Signed One's Complement	Error                  	0b01111111        	0b10000000        	
Signed Two's Complement	Error                  	0b01111111        	0b10000001        	
Sign-Magnitude         	Error                  	0b01111111        	0b11111111        	
--------------END-OF-PROGRAM---------------
Enter the input set {number, radix, operand size}:
{0354, 8, 8}
                       	Value             	Maximum           	Minimum           
Binary(abs)            	0b11101100        	0b11111111        	0b00000000        	
Octal(abs)             	0354              	0377              	0                 
Decimal(abs)           	236               	255               	0                 
Hexadecimal(abs)       	0xec              	0xff              	0                 
Signed One's Complement	Error                  	0b01111111        	0b10000000        	
Signed Two's Complement	Error                  	0b01111111        	0b10000001        	
Sign-Magnitude         	Error                  	0b01111111        	0b11111111        	
--------------END-OF-PROGRAM---------------
Enter the input set {number, radix, operand size}:
{0xEB, 16, 8}
                       	Value             	Maximum           	Minimum           
Binary(abs)            	0b11101011        	0b11111111        	0b00000000        	
Octal(abs)             	0353              	0377              	0                 
Decimal(abs)           	235               	255               	0                 
Hexadecimal(abs)       	0xeb              	0xff              	0                 
Signed One's Complement	Error                  	0b01111111        	0b10000000        	
Signed Two's Complement	Error                  	0b01111111        	0b10000001        	
Sign-Magnitude         	Error                  	0b01111111        	0b11111111        	
--------------END-OF-PROGRAM---------------
Enter the input set {number, radix, operand size}:
{-125, 10, 8}
                       	Value             	Maximum           	Minimum           
Binary(abs)            	0b01111101        	0b11111111        	0b00000000        	
Octal(abs)             	0175              	0377              	0                 
Decimal(abs)           	125               	255               	0                 
Hexadecimal(abs)       	0x7d              	0xff              	0                 
Signed One's Complement	0b10000010        	0b01111111        	0b10000000        	
Signed Two's Complement	0b10000011        	0b01111111        	0b10000001        	
Sign-Magnitude         	0b11111101        	0b01111111        	0b11111111        	
--------------END-OF-PROGRAM---------------
Enter the input set {number, radix, operand size}:
{65400, 10, 8}
Error: Value too large for operand size.
--------------END-OF-PROGRAM---------------
Enter the input set {number, radix, operand size}:
{65400, 10, 16}
                       	Value             	Maximum           	Minimum           
Binary(abs)            	0b0000000010001000	0b1111111111111111	0b0000000000000000	
Octal(abs)             	0210              	0177777           	0                 
Decimal(abs)           	136               	65535             	0                 
Hexadecimal(abs)       	0x88              	0xffff            	0                 
Signed One's Complement	0b1111111101110111	0b0111111111111111	0b1000000000000000	
Signed Two's Complement	0b1111111101111000	0b0111111111111111	0b1000000000000001	
Sign-Magnitude         	0b1000000010001000	0b0111111111111111	0b1111111111111111	
--------------END-OF-PROGRAM---------------
Enter the input set {number, radix, operand size}:
{-32701, 10, 16}
                       	Value             	Maximum           	Minimum           
Binary(abs)            	0b0111111110111101	0b1111111111111111	0b0000000000000000	
Octal(abs)             	077675            	0177777           	0                 
Decimal(abs)           	32701             	65535             	0                 
Hexadecimal(abs)       	0x7fbd            	0xffff            	0                 
Signed One's Complement	0b1000000001000010	0b0111111111111111	0b1000000000000000	
Signed Two's Complement	0b1000000001000011	0b0111111111111111	0b1000000000000001	
Sign-Magnitude         	0b1111111110111101	0b0111111111111111	0b1111111111111111	
--------------END-OF-PROGRAM---------------
